\BOOKMARK [1][-]{section.1}{Introduction}{}% 1
\BOOKMARK [1][-]{section.2}{Malayalam\040Language\040Processing}{}% 2
\BOOKMARK [2][-]{subsection.2.1}{About\040Malayalam}{section.2}% 3
\BOOKMARK [2][-]{subsection.2.2}{NLP\040challenges}{section.2}% 4
\BOOKMARK [3][-]{subsubsection.2.2.1}{Parsing\040the\040Malayalam\040script}{subsection.2.2}% 5
\BOOKMARK [3][-]{subsubsection.2.2.2}{Tokenization}{subsection.2.2}% 6
\BOOKMARK [3][-]{subsubsection.2.2.3}{Morphological\040analysis}{subsection.2.2}% 7
\BOOKMARK [1][-]{section.3}{Previous\040work}{}% 8
\BOOKMARK [2][-]{subsection.3.1}{Sandhi\040splitting}{section.3}% 9
\BOOKMARK [2][-]{subsection.3.2}{Morphological\040analysis}{section.3}% 10
\BOOKMARK [1][-]{section.4}{The\040Malayalam\040Glosser}{}% 11
\BOOKMARK [2][-]{subsection.4.1}{Transliteration}{section.4}% 12
\BOOKMARK [3][-]{subsubsection.4.1.1}{Supported\040Scripts}{subsection.4.1}% 13
\BOOKMARK [3][-]{subsubsection.4.1.2}{Transliterators}{subsection.4.1}% 14
\BOOKMARK [2][-]{subsection.4.2}{Morphology\040Generation}{section.4}% 15
\BOOKMARK [2][-]{subsection.4.3}{Dictionary\040lookup}{section.4}% 16
\BOOKMARK [3][-]{subsubsection.4.3.1}{Efficiency\040considerations}{subsection.4.3}% 17
\BOOKMARK [2][-]{subsection.4.4}{Tokenization}{section.4}% 18
\BOOKMARK [2][-]{subsection.4.5}{UI\040Design}{section.4}% 19
\BOOKMARK [1][-]{section.5}{Conclusion}{}% 20
\BOOKMARK [1][-]{appendix.A}{Abbreviations\040used\040in\040glosses}{}% 21
\BOOKMARK [1][-]{appendix.B}{Transcription\040schemes}{}% 22
